This is pdfTeX, Version 3.1415926-2.5-1.40.14 (TeX Live 2013) (format=pdflatex 2013.5.30)  3 JUL 2017 00:19
entering extended mode
 restricted \write18 enabled.
 %&-line parsing enabled.
**Care_and_Feeding_Mt_SB.tex
(./Care_and_Feeding_Mt_SB.tex
LaTeX2e <2011/06/27>
Babel <3.9f> and hyphenation patterns for 78 languages loaded.
(/usr/local/texlive/2013/texmf-dist/tex/latex/base/article.cls
Document Class: article 2007/10/19 v1.4h Standard LaTeX document class
(/usr/local/texlive/2013/texmf-dist/tex/latex/base/size12.clo
File: size12.clo 2007/10/19 v1.4h Standard LaTeX file (size option)
)
\c@part=\count79
\c@section=\count80
\c@subsection=\count81
\c@subsubsection=\count82
\c@paragraph=\count83
\c@subparagraph=\count84
\c@figure=\count85
\c@table=\count86
\abovecaptionskip=\skip41
\belowcaptionskip=\skip42
\bibindent=\dimen102
)
(/usr/local/texlive/2013/texmf-dist/tex/latex/appendix/appendix.sty
Package: appendix 2009/09/02 v1.2b extra appendix facilities
\c@@pps=\count87
\c@@ppsavesec=\count88
\c@@ppsaveapp=\count89
)
(/usr/local/texlive/2013/texmf-dist/tex/latex/titling/titling.sty
Package: titling 2009/09/04 v2.1d maketitle typesetting
\thanksmarkwidth=\skip43
\thanksmargin=\skip44
\droptitle=\skip45
)
(/usr/local/texlive/2013/texmf-dist/tex/latex/graphics/graphicx.sty
Package: graphicx 1999/02/16 v1.0f Enhanced LaTeX Graphics (DPC,SPQR)

(/usr/local/texlive/2013/texmf-dist/tex/latex/graphics/keyval.sty
Package: keyval 1999/03/16 v1.13 key=value parser (DPC)
\KV@toks@=\toks14
)
(/usr/local/texlive/2013/texmf-dist/tex/latex/graphics/graphics.sty
Package: graphics 2009/02/05 v1.0o Standard LaTeX Graphics (DPC,SPQR)

(/usr/local/texlive/2013/texmf-dist/tex/latex/graphics/trig.sty
Package: trig 1999/03/16 v1.09 sin cos tan (DPC)
)
(/usr/local/texlive/2013/texmf-dist/tex/latex/latexconfig/graphics.cfg
File: graphics.cfg 2010/04/23 v1.9 graphics configuration of TeX Live
)
Package graphics Info: Driver file: pdftex.def on input line 91.

(/usr/local/texlive/2013/texmf-dist/tex/latex/pdftex-def/pdftex.def
File: pdftex.def 2011/05/27 v0.06d Graphics/color for pdfTeX

(/usr/local/texlive/2013/texmf-dist/tex/generic/oberdiek/infwarerr.sty
Package: infwarerr 2010/04/08 v1.3 Providing info/warning/error messages (HO)
)
(/usr/local/texlive/2013/texmf-dist/tex/generic/oberdiek/ltxcmds.sty
Package: ltxcmds 2011/11/09 v1.22 LaTeX kernel commands for general use (HO)
)
\Gread@gobject=\count90
))
\Gin@req@height=\dimen103
\Gin@req@width=\dimen104
)
(/usr/local/texlive/2013/texmf-dist/tex/latex/footmisc/footmisc.sty
Package: footmisc 2011/06/06 v5.5b a miscellany of footnote facilities
\FN@temptoken=\toks15
\footnotemargin=\dimen105
\c@pp@next@reset=\count91
Package footmisc Info: Declaring symbol style bringhurst on input line 855.
Package footmisc Info: Declaring symbol style chicago on input line 863.
Package footmisc Info: Declaring symbol style wiley on input line 872.
Package footmisc Info: Declaring symbol style lamport-robust on input line 883.

Package footmisc Info: Declaring symbol style lamport* on input line 903.
Package footmisc Info: Declaring symbol style lamport*-robust on input line 924
.
)
(/usr/local/texlive/2013/texmf-dist/tex/latex/fancyhdr/fancyhdr.sty
\fancy@headwidth=\skip46
\f@ncyO@elh=\skip47
\f@ncyO@erh=\skip48
\f@ncyO@olh=\skip49
\f@ncyO@orh=\skip50
\f@ncyO@elf=\skip51
\f@ncyO@erf=\skip52
\f@ncyO@olf=\skip53
\f@ncyO@orf=\skip54
)
(/usr/local/texlive/2013/texmf-dist/tex/latex/float/float.sty
Package: float 2001/11/08 v1.3d Float enhancements (AL)
\c@float@type=\count92
\float@exts=\toks16
\float@box=\box26
\@float@everytoks=\toks17
\@floatcapt=\box27
)
(/usr/local/texlive/2013/texmf-dist/tex/latex/caption/caption.sty
Package: caption 2013/05/02 v3.3-89 Customizing captions (AR)

(/usr/local/texlive/2013/texmf-dist/tex/latex/caption/caption3.sty
Package: caption3 2013/05/02 v1.6-88 caption3 kernel (AR)
Package caption3 Info: TeX engine: e-TeX on input line 57.
\captionmargin=\dimen106
\captionmargin@=\dimen107
\captionwidth=\dimen108
\caption@tempdima=\dimen109
\caption@indent=\dimen110
\caption@parindent=\dimen111
\caption@hangindent=\dimen112
)
\c@ContinuedFloat=\count93
Package caption Info: float package is loaded.
)
(/usr/local/texlive/2013/texmf-dist/tex/latex/geometry/geometry.sty
Package: geometry 2010/09/12 v5.6 Page Geometry

(/usr/local/texlive/2013/texmf-dist/tex/generic/oberdiek/ifpdf.sty
Package: ifpdf 2011/01/30 v2.3 Provides the ifpdf switch (HO)
Package ifpdf Info: pdfTeX in PDF mode is detected.
)
(/usr/local/texlive/2013/texmf-dist/tex/generic/oberdiek/ifvtex.sty
Package: ifvtex 2010/03/01 v1.5 Detect VTeX and its facilities (HO)
Package ifvtex Info: VTeX not detected.
)
(/usr/local/texlive/2013/texmf-dist/tex/generic/ifxetex/ifxetex.sty
Package: ifxetex 2010/09/12 v0.6 Provides ifxetex conditional
)
\Gm@cnth=\count94
\Gm@cntv=\count95
\c@Gm@tempcnt=\count96
\Gm@bindingoffset=\dimen113
\Gm@wd@mp=\dimen114
\Gm@odd@mp=\dimen115
\Gm@even@mp=\dimen116
\Gm@layoutwidth=\dimen117
\Gm@layoutheight=\dimen118
\Gm@layouthoffset=\dimen119
\Gm@layoutvoffset=\dimen120
\Gm@dimlist=\toks18
)
(/usr/local/texlive/2013/texmf-dist/tex/latex/hyperref/hyperref.sty
Package: hyperref 2012/11/06 v6.83m Hypertext links for LaTeX

(/usr/local/texlive/2013/texmf-dist/tex/generic/oberdiek/hobsub-hyperref.sty
Package: hobsub-hyperref 2012/05/28 v1.13 Bundle oberdiek, subset hyperref (HO)


(/usr/local/texlive/2013/texmf-dist/tex/generic/oberdiek/hobsub-generic.sty
Package: hobsub-generic 2012/05/28 v1.13 Bundle oberdiek, subset generic (HO)
Package: hobsub 2012/05/28 v1.13 Construct package bundles (HO)
Package hobsub Info: Skipping package `infwarerr' (already loaded).
Package hobsub Info: Skipping package `ltxcmds' (already loaded).
Package: ifluatex 2010/03/01 v1.3 Provides the ifluatex switch (HO)
Package ifluatex Info: LuaTeX not detected.
Package hobsub Info: Skipping package `ifvtex' (already loaded).
Package: intcalc 2007/09/27 v1.1 Expandable calculations with integers (HO)
Package hobsub Info: Skipping package `ifpdf' (already loaded).
Package: etexcmds 2011/02/16 v1.5 Avoid name clashes with e-TeX commands (HO)
Package etexcmds Info: Could not find \expanded.
(etexcmds)             That can mean that you are not using pdfTeX 1.50 or
(etexcmds)             that some package has redefined \expanded.
(etexcmds)             In the latter case, load this package earlier.
Package: kvsetkeys 2012/04/25 v1.16 Key value parser (HO)
Package: kvdefinekeys 2011/04/07 v1.3 Define keys (HO)
Package: pdftexcmds 2011/11/29 v0.20 Utility functions of pdfTeX for LuaTeX (HO
)
Package pdftexcmds Info: LuaTeX not detected.
Package pdftexcmds Info: \pdf@primitive is available.
Package pdftexcmds Info: \pdf@ifprimitive is available.
Package pdftexcmds Info: \pdfdraftmode found.
Package: pdfescape 2011/11/25 v1.13 Implements pdfTeX's escape features (HO)
Package: bigintcalc 2012/04/08 v1.3 Expandable calculations on big integers (HO
)
Package: bitset 2011/01/30 v1.1 Handle bit-vector datatype (HO)
Package: uniquecounter 2011/01/30 v1.2 Provide unlimited unique counter (HO)
)
Package hobsub Info: Skipping package `hobsub' (already loaded).
Package: letltxmacro 2010/09/02 v1.4 Let assignment for LaTeX macros (HO)
Package: hopatch 2012/05/28 v1.2 Wrapper for package hooks (HO)
Package: xcolor-patch 2011/01/30 xcolor patch
Package: atveryend 2011/06/30 v1.8 Hooks at the very end of document (HO)
Package atveryend Info: \enddocument detected (standard20110627).
Package: atbegshi 2011/10/05 v1.16 At begin shipout hook (HO)
Package: refcount 2011/10/16 v3.4 Data extraction from label references (HO)
Package: hycolor 2011/01/30 v1.7 Color options for hyperref/bookmark (HO)
)
(/usr/local/texlive/2013/texmf-dist/tex/latex/oberdiek/auxhook.sty
Package: auxhook 2011/03/04 v1.3 Hooks for auxiliary files (HO)
)
(/usr/local/texlive/2013/texmf-dist/tex/latex/oberdiek/kvoptions.sty
Package: kvoptions 2011/06/30 v3.11 Key value format for package options (HO)
)
\@linkdim=\dimen121
\Hy@linkcounter=\count97
\Hy@pagecounter=\count98

(/usr/local/texlive/2013/texmf-dist/tex/latex/hyperref/pd1enc.def
File: pd1enc.def 2012/11/06 v6.83m Hyperref: PDFDocEncoding definition (HO)
)
\Hy@SavedSpaceFactor=\count99

(/usr/local/texlive/2013/texmf-dist/tex/latex/latexconfig/hyperref.cfg
File: hyperref.cfg 2002/06/06 v1.2 hyperref configuration of TeXLive
)
Package hyperref Info: Hyper figures OFF on input line 4443.
Package hyperref Info: Link nesting OFF on input line 4448.
Package hyperref Info: Hyper index ON on input line 4451.
Package hyperref Info: Plain pages OFF on input line 4458.
Package hyperref Info: Backreferencing OFF on input line 4463.
Package hyperref Info: Implicit mode ON; LaTeX internals redefined.
Package hyperref Info: Bookmarks ON on input line 4688.
\c@Hy@tempcnt=\count100

(/usr/local/texlive/2013/texmf-dist/tex/latex/url/url.sty
\Urlmuskip=\muskip10
Package: url 2006/04/12  ver 3.3  Verb mode for urls, etc.
)
LaTeX Info: Redefining \url on input line 5041.
\XeTeXLinkMargin=\dimen122
\Fld@menulength=\count101
\Field@Width=\dimen123
\Fld@charsize=\dimen124
Package hyperref Info: Hyper figures OFF on input line 6295.
Package hyperref Info: Link nesting OFF on input line 6300.
Package hyperref Info: Hyper index ON on input line 6303.
Package hyperref Info: backreferencing OFF on input line 6310.
Package hyperref Info: Link coloring OFF on input line 6315.
Package hyperref Info: Link coloring with OCG OFF on input line 6320.
Package hyperref Info: PDF/A mode OFF on input line 6325.
LaTeX Info: Redefining \ref on input line 6365.
LaTeX Info: Redefining \pageref on input line 6369.
\Hy@abspage=\count102
\c@Item=\count103
\c@Hfootnote=\count104
)

Package hyperref Message: Driver (autodetected): hpdftex.

(/usr/local/texlive/2013/texmf-dist/tex/latex/hyperref/hpdftex.def
File: hpdftex.def 2012/11/06 v6.83m Hyperref driver for pdfTeX
\Fld@listcount=\count105
\c@bookmark@seq@number=\count106

(/usr/local/texlive/2013/texmf-dist/tex/latex/oberdiek/rerunfilecheck.sty
Package: rerunfilecheck 2011/04/15 v1.7 Rerun checks for auxiliary files (HO)
Package uniquecounter Info: New unique counter `rerunfilecheck' on input line 2
82.
)
\Hy@SectionHShift=\skip55
)
(/usr/local/texlive/2013/texmf-dist/tex/latex/amsmath/amsmath.sty
Package: amsmath 2013/01/14 v2.14 AMS math features
\@mathmargin=\skip56

For additional information on amsmath, use the `?' option.
(/usr/local/texlive/2013/texmf-dist/tex/latex/amsmath/amstext.sty
Package: amstext 2000/06/29 v2.01

(/usr/local/texlive/2013/texmf-dist/tex/latex/amsmath/amsgen.sty
File: amsgen.sty 1999/11/30 v2.0
\@emptytoks=\toks19
\ex@=\dimen125
))
(/usr/local/texlive/2013/texmf-dist/tex/latex/amsmath/amsbsy.sty
Package: amsbsy 1999/11/29 v1.2d
\pmbraise@=\dimen126
)
(/usr/local/texlive/2013/texmf-dist/tex/latex/amsmath/amsopn.sty
Package: amsopn 1999/12/14 v2.01 operator names
)
\inf@bad=\count107
LaTeX Info: Redefining \frac on input line 210.
\uproot@=\count108
\leftroot@=\count109
LaTeX Info: Redefining \overline on input line 306.
\classnum@=\count110
\DOTSCASE@=\count111
LaTeX Info: Redefining \ldots on input line 378.
LaTeX Info: Redefining \dots on input line 381.
LaTeX Info: Redefining \cdots on input line 466.
\Mathstrutbox@=\box28
\strutbox@=\box29
\big@size=\dimen127
LaTeX Font Info:    Redeclaring font encoding OML on input line 566.
LaTeX Font Info:    Redeclaring font encoding OMS on input line 567.
\macc@depth=\count112
\c@MaxMatrixCols=\count113
\dotsspace@=\muskip11
\c@parentequation=\count114
\dspbrk@lvl=\count115
\tag@help=\toks20
\row@=\count116
\column@=\count117
\maxfields@=\count118
\andhelp@=\toks21
\eqnshift@=\dimen128
\alignsep@=\dimen129
\tagshift@=\dimen130
\tagwidth@=\dimen131
\totwidth@=\dimen132
\lineht@=\dimen133
\@envbody=\toks22
\multlinegap=\skip57
\multlinetaggap=\skip58
\mathdisplay@stack=\toks23
LaTeX Info: Redefining \[ on input line 2665.
LaTeX Info: Redefining \] on input line 2666.
)
(/usr/local/texlive/2013/texmf-dist/tex/latex/amsfonts/amssymb.sty
Package: amssymb 2013/01/14 v3.01 AMS font symbols

(/usr/local/texlive/2013/texmf-dist/tex/latex/amsfonts/amsfonts.sty
Package: amsfonts 2013/01/14 v3.01 Basic AMSFonts support
\symAMSa=\mathgroup4
\symAMSb=\mathgroup5
LaTeX Font Info:    Overwriting math alphabet `\mathfrak' in version `bold'
(Font)                  U/euf/m/n --> U/euf/b/n on input line 106.
))
(/usr/local/texlive/2013/texmf-dist/tex/latex/mh/mathtools.sty
Package: mathtools 2013/02/12 v1.13 mathematical typesetting tools

(/usr/local/texlive/2013/texmf-dist/tex/latex/tools/calc.sty
Package: calc 2007/08/22 v4.3 Infix arithmetic (KKT,FJ)
\calc@Acount=\count119
\calc@Bcount=\count120
\calc@Adimen=\dimen134
\calc@Bdimen=\dimen135
\calc@Askip=\skip59
\calc@Bskip=\skip60
LaTeX Info: Redefining \setlength on input line 76.
LaTeX Info: Redefining \addtolength on input line 77.
\calc@Ccount=\count121
\calc@Cskip=\skip61
)
(/usr/local/texlive/2013/texmf-dist/tex/latex/mh/mhsetup.sty
Package: mhsetup 2010/01/21 v1.2a programming setup (MH)
)
LaTeX Info: Thecontrolsequence`\['isalreadyrobust on input line 129.
LaTeX Info: Thecontrolsequence`\]'isalreadyrobust on input line 129.
\g_MT_multlinerow_int=\count122
\l_MT_multwidth_dim=\dimen136
\origjot=\skip62
\l_MT_shortvdotswithinadjustabove_dim=\dimen137
\l_MT_shortvdotswithinadjustbelow_dim=\dimen138
\l_MT_above_intertext_sep=\dimen139
\l_MT_below_intertext_sep=\dimen140
\l_MT_above_shortintertext_sep=\dimen141
\l_MT_below_shortintertext_sep=\dimen142
)
(/usr/local/texlive/2013/texmf-dist/tex/latex/tools/indentfirst.sty
Package: indentfirst 1995/11/23 v1.03 Indent first paragraph (DPC)
)
(/usr/local/texlive/2013/texmf-dist/tex/latex/enumitem/enumitem.sty
Package: enumitem 2011/09/28 v3.5.2 Customized lists
\labelindent=\skip63
\enit@outerparindent=\dimen143
\enit@toks=\toks24
\enit@inbox=\box30
\enitdp@description=\count123
)
(/usr/local/texlive/2013/texmf-dist/tex/latex/tools/array.sty
Package: array 2008/09/09 v2.4c Tabular extension package (FMi)
\col@sep=\dimen144
\extrarowheight=\dimen145
\NC@list=\toks25
\extratabsurround=\skip64
\backup@length=\skip65
)
(/usr/local/texlive/2013/texmf-dist/tex/latex/tools/tabularx.sty
Package: tabularx 1999/01/07 v2.07 `tabularx' package (DPC)
\TX@col@width=\dimen146
\TX@old@table=\dimen147
\TX@old@col=\dimen148
\TX@target=\dimen149
\TX@delta=\dimen150
\TX@cols=\count124
\TX@ftn=\toks26
)
(/usr/local/texlive/2013/texmf-dist/tex/latex/tools/longtable.sty
Package: longtable 2004/02/01 v4.11 Multi-page Table package (DPC)
\LTleft=\skip66
\LTright=\skip67
\LTpre=\skip68
\LTpost=\skip69
\LTchunksize=\count125
\LTcapwidth=\dimen151
\LT@head=\box31
\LT@firsthead=\box32
\LT@foot=\box33
\LT@lastfoot=\box34
\LT@cols=\count126
\LT@rows=\count127
\c@LT@tables=\count128
\c@LT@chunks=\count129
\LT@p@ftn=\toks27
)
(/usr/local/texlive/2013/texmf-dist/tex/latex/pgf/frontendlayer/tikz.sty
(/usr/local/texlive/2013/texmf-dist/tex/latex/pgf/basiclayer/pgf.sty
(/usr/local/texlive/2013/texmf-dist/tex/latex/pgf/utilities/pgfrcs.sty
(/usr/local/texlive/2013/texmf-dist/tex/generic/pgf/utilities/pgfutil-common.te
x
\pgfutil@everybye=\toks28
)
(/usr/local/texlive/2013/texmf-dist/tex/generic/pgf/utilities/pgfutil-latex.def
\pgfutil@abb=\box35
(/usr/local/texlive/2013/texmf-dist/tex/latex/ms/everyshi.sty
Package: everyshi 2001/05/15 v3.00 EveryShipout Package (MS)
))
(/usr/local/texlive/2013/texmf-dist/tex/generic/pgf/utilities/pgfrcs.code.tex
Package: pgfrcs 2010/10/25 v2.10 (rcs-revision 1.24)
))
Package: pgf 2008/01/15 v2.10 (rcs-revision 1.12)
(/usr/local/texlive/2013/texmf-dist/tex/latex/pgf/basiclayer/pgfcore.sty
(/usr/local/texlive/2013/texmf-dist/tex/latex/pgf/systemlayer/pgfsys.sty
(/usr/local/texlive/2013/texmf-dist/tex/generic/pgf/systemlayer/pgfsys.code.tex
Package: pgfsys 2010/06/30 v2.10 (rcs-revision 1.37)
(/usr/local/texlive/2013/texmf-dist/tex/generic/pgf/utilities/pgfkeys.code.tex
\pgfkeys@pathtoks=\toks29
\pgfkeys@temptoks=\toks30

(/usr/local/texlive/2013/texmf-dist/tex/generic/pgf/utilities/pgfkeysfiltered.c
ode.tex
\pgfkeys@tmptoks=\toks31
))
\pgf@x=\dimen152
\pgf@y=\dimen153
\pgf@xa=\dimen154
\pgf@ya=\dimen155
\pgf@xb=\dimen156
\pgf@yb=\dimen157
\pgf@xc=\dimen158
\pgf@yc=\dimen159
\w@pgf@writea=\write3
\r@pgf@reada=\read1
\c@pgf@counta=\count130
\c@pgf@countb=\count131
\c@pgf@countc=\count132
\c@pgf@countd=\count133

(/usr/local/texlive/2013/texmf-dist/tex/generic/pgf/systemlayer/pgf.cfg
File: pgf.cfg 2008/05/14  (rcs-revision 1.7)
)
Package pgfsys Info: Driver file for pgf: pgfsys-pdftex.def on input line 900.

(/usr/local/texlive/2013/texmf-dist/tex/generic/pgf/systemlayer/pgfsys-pdftex.d
ef
File: pgfsys-pdftex.def 2009/05/22  (rcs-revision 1.26)

(/usr/local/texlive/2013/texmf-dist/tex/generic/pgf/systemlayer/pgfsys-common-p
df.def
File: pgfsys-common-pdf.def 2008/05/19  (rcs-revision 1.10)
)))
(/usr/local/texlive/2013/texmf-dist/tex/generic/pgf/systemlayer/pgfsyssoftpath.
code.tex
File: pgfsyssoftpath.code.tex 2008/07/18  (rcs-revision 1.7)
\pgfsyssoftpath@smallbuffer@items=\count134
\pgfsyssoftpath@bigbuffer@items=\count135
)
(/usr/local/texlive/2013/texmf-dist/tex/generic/pgf/systemlayer/pgfsysprotocol.
code.tex
File: pgfsysprotocol.code.tex 2006/10/16  (rcs-revision 1.4)
)) (/usr/local/texlive/2013/texmf-dist/tex/latex/xcolor/xcolor.sty
Package: xcolor 2007/01/21 v2.11 LaTeX color extensions (UK)

(/usr/local/texlive/2013/texmf-dist/tex/latex/latexconfig/color.cfg
File: color.cfg 2007/01/18 v1.5 color configuration of teTeX/TeXLive
)
Package xcolor Info: Driver file: pdftex.def on input line 225.
Package xcolor Info: Model `cmy' substituted by `cmy0' on input line 1337.
Package xcolor Info: Model `hsb' substituted by `rgb' on input line 1341.
Package xcolor Info: Model `RGB' extended on input line 1353.
Package xcolor Info: Model `HTML' substituted by `rgb' on input line 1355.
Package xcolor Info: Model `Hsb' substituted by `hsb' on input line 1356.
Package xcolor Info: Model `tHsb' substituted by `hsb' on input line 1357.
Package xcolor Info: Model `HSB' substituted by `hsb' on input line 1358.
Package xcolor Info: Model `Gray' substituted by `gray' on input line 1359.
Package xcolor Info: Model `wave' substituted by `hsb' on input line 1360.
)
(/usr/local/texlive/2013/texmf-dist/tex/generic/pgf/basiclayer/pgfcore.code.tex
Package: pgfcore 2010/04/11 v2.10 (rcs-revision 1.7)
(/usr/local/texlive/2013/texmf-dist/tex/generic/pgf/math/pgfmath.code.tex
(/usr/local/texlive/2013/texmf-dist/tex/generic/pgf/math/pgfmathcalc.code.tex
(/usr/local/texlive/2013/texmf-dist/tex/generic/pgf/math/pgfmathutil.code.tex)
(/usr/local/texlive/2013/texmf-dist/tex/generic/pgf/math/pgfmathparser.code.tex
\pgfmath@dimen=\dimen160
\pgfmath@count=\count136
\pgfmath@box=\box36
\pgfmath@toks=\toks32
\pgfmath@stack@operand=\toks33
\pgfmath@stack@operation=\toks34
)
(/usr/local/texlive/2013/texmf-dist/tex/generic/pgf/math/pgfmathfunctions.code.
tex
(/usr/local/texlive/2013/texmf-dist/tex/generic/pgf/math/pgfmathfunctions.basic
.code.tex)
(/usr/local/texlive/2013/texmf-dist/tex/generic/pgf/math/pgfmathfunctions.trigo
nometric.code.tex)
(/usr/local/texlive/2013/texmf-dist/tex/generic/pgf/math/pgfmathfunctions.rando
m.code.tex)
(/usr/local/texlive/2013/texmf-dist/tex/generic/pgf/math/pgfmathfunctions.compa
rison.code.tex)
(/usr/local/texlive/2013/texmf-dist/tex/generic/pgf/math/pgfmathfunctions.base.
code.tex)
(/usr/local/texlive/2013/texmf-dist/tex/generic/pgf/math/pgfmathfunctions.round
.code.tex)
(/usr/local/texlive/2013/texmf-dist/tex/generic/pgf/math/pgfmathfunctions.misc.
code.tex)))
(/usr/local/texlive/2013/texmf-dist/tex/generic/pgf/math/pgfmathfloat.code.tex
\c@pgfmathroundto@lastzeros=\count137
))
(/usr/local/texlive/2013/texmf-dist/tex/generic/pgf/basiclayer/pgfcorepoints.co
de.tex
File: pgfcorepoints.code.tex 2010/04/09  (rcs-revision 1.20)
\pgf@picminx=\dimen161
\pgf@picmaxx=\dimen162
\pgf@picminy=\dimen163
\pgf@picmaxy=\dimen164
\pgf@pathminx=\dimen165
\pgf@pathmaxx=\dimen166
\pgf@pathminy=\dimen167
\pgf@pathmaxy=\dimen168
\pgf@xx=\dimen169
\pgf@xy=\dimen170
\pgf@yx=\dimen171
\pgf@yy=\dimen172
\pgf@zx=\dimen173
\pgf@zy=\dimen174
)
(/usr/local/texlive/2013/texmf-dist/tex/generic/pgf/basiclayer/pgfcorepathconst
ruct.code.tex
File: pgfcorepathconstruct.code.tex 2010/08/03  (rcs-revision 1.24)
\pgf@path@lastx=\dimen175
\pgf@path@lasty=\dimen176
)
(/usr/local/texlive/2013/texmf-dist/tex/generic/pgf/basiclayer/pgfcorepathusage
.code.tex
File: pgfcorepathusage.code.tex 2008/04/22  (rcs-revision 1.12)
\pgf@shorten@end@additional=\dimen177
\pgf@shorten@start@additional=\dimen178
)
(/usr/local/texlive/2013/texmf-dist/tex/generic/pgf/basiclayer/pgfcorescopes.co
de.tex
File: pgfcorescopes.code.tex 2010/09/08  (rcs-revision 1.34)
\pgfpic=\box37
\pgf@hbox=\box38
\pgf@layerbox@main=\box39
\pgf@picture@serial@count=\count138
)
(/usr/local/texlive/2013/texmf-dist/tex/generic/pgf/basiclayer/pgfcoregraphicst
ate.code.tex
File: pgfcoregraphicstate.code.tex 2008/04/22  (rcs-revision 1.9)
\pgflinewidth=\dimen179
)
(/usr/local/texlive/2013/texmf-dist/tex/generic/pgf/basiclayer/pgfcoretransform
ations.code.tex
File: pgfcoretransformations.code.tex 2009/06/10  (rcs-revision 1.11)
\pgf@pt@x=\dimen180
\pgf@pt@y=\dimen181
\pgf@pt@temp=\dimen182
)
(/usr/local/texlive/2013/texmf-dist/tex/generic/pgf/basiclayer/pgfcorequick.cod
e.tex
File: pgfcorequick.code.tex 2008/10/09  (rcs-revision 1.3)
)
(/usr/local/texlive/2013/texmf-dist/tex/generic/pgf/basiclayer/pgfcoreobjects.c
ode.tex
File: pgfcoreobjects.code.tex 2006/10/11  (rcs-revision 1.2)
)
(/usr/local/texlive/2013/texmf-dist/tex/generic/pgf/basiclayer/pgfcorepathproce
ssing.code.tex
File: pgfcorepathprocessing.code.tex 2008/10/09  (rcs-revision 1.8)
)
(/usr/local/texlive/2013/texmf-dist/tex/generic/pgf/basiclayer/pgfcorearrows.co
de.tex
File: pgfcorearrows.code.tex 2008/04/23  (rcs-revision 1.11)
)
(/usr/local/texlive/2013/texmf-dist/tex/generic/pgf/basiclayer/pgfcoreshade.cod
e.tex
File: pgfcoreshade.code.tex 2008/11/23  (rcs-revision 1.13)
\pgf@max=\dimen183
\pgf@sys@shading@range@num=\count139
)
(/usr/local/texlive/2013/texmf-dist/tex/generic/pgf/basiclayer/pgfcoreimage.cod
e.tex
File: pgfcoreimage.code.tex 2010/03/25  (rcs-revision 1.16)

(/usr/local/texlive/2013/texmf-dist/tex/generic/pgf/basiclayer/pgfcoreexternal.
code.tex
File: pgfcoreexternal.code.tex 2010/09/01  (rcs-revision 1.17)
\pgfexternal@startupbox=\box40
))
(/usr/local/texlive/2013/texmf-dist/tex/generic/pgf/basiclayer/pgfcorelayers.co
de.tex
File: pgfcorelayers.code.tex 2010/08/27  (rcs-revision 1.2)
)
(/usr/local/texlive/2013/texmf-dist/tex/generic/pgf/basiclayer/pgfcoretranspare
ncy.code.tex
File: pgfcoretransparency.code.tex 2008/01/17  (rcs-revision 1.2)
)
(/usr/local/texlive/2013/texmf-dist/tex/generic/pgf/basiclayer/pgfcorepatterns.
code.tex
File: pgfcorepatterns.code.tex 2009/07/02  (rcs-revision 1.3)
)))
(/usr/local/texlive/2013/texmf-dist/tex/generic/pgf/modules/pgfmoduleshapes.cod
e.tex
File: pgfmoduleshapes.code.tex 2010/09/09  (rcs-revision 1.13)
\pgfnodeparttextbox=\box41
)
(/usr/local/texlive/2013/texmf-dist/tex/generic/pgf/modules/pgfmoduleplot.code.
tex
File: pgfmoduleplot.code.tex 2010/10/22  (rcs-revision 1.8)
)
(/usr/local/texlive/2013/texmf-dist/tex/latex/pgf/compatibility/pgfcomp-version
-0-65.sty
Package: pgfcomp-version-0-65 2007/07/03 v2.10 (rcs-revision 1.7)
\pgf@nodesepstart=\dimen184
\pgf@nodesepend=\dimen185
)
(/usr/local/texlive/2013/texmf-dist/tex/latex/pgf/compatibility/pgfcomp-version
-1-18.sty
Package: pgfcomp-version-1-18 2007/07/23 v2.10 (rcs-revision 1.1)
))
(/usr/local/texlive/2013/texmf-dist/tex/latex/pgf/utilities/pgffor.sty
(/usr/local/texlive/2013/texmf-dist/tex/latex/pgf/utilities/pgfkeys.sty
(/usr/local/texlive/2013/texmf-dist/tex/generic/pgf/utilities/pgfkeys.code.tex)
) (/usr/local/texlive/2013/texmf-dist/tex/generic/pgf/utilities/pgffor.code.tex
Package: pgffor 2010/03/23 v2.10 (rcs-revision 1.18)
\pgffor@iter=\dimen186
\pgffor@skip=\dimen187
\pgffor@stack=\toks35
\pgffor@toks=\toks36
))
(/usr/local/texlive/2013/texmf-dist/tex/generic/pgf/frontendlayer/tikz/tikz.cod
e.tex
Package: tikz 2010/10/13 v2.10 (rcs-revision 1.76)

(/usr/local/texlive/2013/texmf-dist/tex/generic/pgf/libraries/pgflibraryplothan
dlers.code.tex
File: pgflibraryplothandlers.code.tex 2010/05/31 v2.10 (rcs-revision 1.15)
\pgf@plot@mark@count=\count140
\pgfplotmarksize=\dimen188
)
\tikz@lastx=\dimen189
\tikz@lasty=\dimen190
\tikz@lastxsaved=\dimen191
\tikz@lastysaved=\dimen192
\tikzleveldistance=\dimen193
\tikzsiblingdistance=\dimen194
\tikz@figbox=\box42
\tikz@tempbox=\box43
\tikztreelevel=\count141
\tikznumberofchildren=\count142
\tikznumberofcurrentchild=\count143
\tikz@fig@count=\count144

(/usr/local/texlive/2013/texmf-dist/tex/generic/pgf/modules/pgfmodulematrix.cod
e.tex
File: pgfmodulematrix.code.tex 2010/08/24  (rcs-revision 1.4)
\pgfmatrixcurrentrow=\count145
\pgfmatrixcurrentcolumn=\count146
\pgf@matrix@numberofcolumns=\count147
)
\tikz@expandcount=\count148

(/usr/local/texlive/2013/texmf-dist/tex/generic/pgf/frontendlayer/tikz/librarie
s/tikzlibrarytopaths.code.tex
File: tikzlibrarytopaths.code.tex 2008/06/17 v2.10 (rcs-revision 1.2)
)))
(/usr/local/texlive/2013/texmf-dist/tex/latex/multirow/multirow.sty
\bigstrutjot=\dimen195
)
(/usr/local/texlive/2013/texmf-dist/tex/latex/cite/cite.sty
LaTeX Info: Redefining \cite on input line 302.
LaTeX Info: Redefining \nocite on input line 373.
Package: cite 2010/09/10  v 5.3
)
(/usr/local/texlive/2013/texmf-dist/tex/latex/caption/subcaption.sty
Package: subcaption 2013/02/03 v1.1-62 Sub-captions (AR)
\c@subfigure=\count149
\c@subtable=\count150
)
(/usr/local/texlive/2013/texmf-dist/tex/latex/subfloat/subfloat.sty
Package: subfloat 2003/08/21 version 2.14

Package `subfloat', Version 2.14 of 2003/08/21.

Package subfloat Warning: Numbers of floats not counted:
(subfloat)                If you use one of the counters subfloatfiguremax or
(subfloat)                subfloattablemax you will get strange error messages
(subfloat)                containing \c@subfloatfiguremax or
(subfloat)                \c@subfloattablemax:
(subfloat)                Please switch on countmax or remove the code using
(subfloat)                the counter then..

) (/usr/local/texlive/2013/texmf-dist/tex/generic/babel/babel.sty
Package: babel 2013/05/16 v3.9f The Babel package

(/usr/local/texlive/2013/texmf-dist/tex/generic/babel-english/english.ldf
Language: english 2012/08/20 v3.3p English support from the babel system

(/usr/local/texlive/2013/texmf-dist/tex/generic/babel/babel.def
File: babel.def 2013/05/16 v3.9f Babel common definitions
\babel@savecnt=\count151
\U@D=\dimen196
)
\l@canadian = a dialect from \language\l@american 
\l@australian = a dialect from \language\l@british 
\l@newzealand = a dialect from \language\l@british 
))
(/usr/local/texlive/2013/texmf-dist/tex/latex/csquotes/csquotes.sty
Package: csquotes 2011/10/22 v5.1d context-sensitive quotations

(/usr/local/texlive/2013/texmf-dist/tex/latex/etoolbox/etoolbox.sty
Package: etoolbox 2011/01/03 v2.1 e-TeX tools for LaTeX

(/usr/local/texlive/2013/texmf-dist/tex/latex/etex-pkg/etex.sty
Package: etex 1998/03/26 v2.0 eTeX basic definition package (PEB)
\et@xins=\count152
)
\etb@tempcnta=\count153
)
\csq@reset=\count154
\csq@gtype=\count155
\csq@glevel=\count156
\csq@qlevel=\count157
\csq@maxlvl=\count158
\csq@tshold=\count159
\csq@ltx@everypar=\toks37

(/usr/local/texlive/2013/texmf-dist/tex/latex/csquotes/csquotes.def
File: csquotes.def 2011/10/22 v5.1d csquotes generic definitions
)
Package csquotes Info: Trying to load configuration file 'csquotes.cfg'...
Package csquotes Info: ... configuration file loaded successfully.

(/usr/local/texlive/2013/texmf-dist/tex/latex/csquotes/csquotes.cfg
File: csquotes.cfg 
)
Package csquotes Info: Enabling multilingual quotes.
Package csquotes Info: Redefining alias 'english' -> 'english/american'.
)
Package csquotes Info: Allocating character ".

(/usr/local/texlive/2013/texmf-dist/tex/latex/titlesec/titlesec.sty
Package: titlesec 2011/12/15 v2.10.0 Sectioning titles
\ttl@box=\box44
\beforetitleunit=\skip70
\aftertitleunit=\skip71
\ttl@plus=\dimen197
\ttl@minus=\dimen198
\ttl@toksa=\toks38
\titlewidth=\dimen199
\titlewidthlast=\dimen200
\titlewidthfirst=\dimen201
)
(/usr/local/texlive/2013/texmf-dist/tex/latex/commath/commath.sty
(/usr/local/texlive/2013/texmf-dist/tex/latex/base/ifthen.sty
Package: ifthen 2001/05/26 v1.1c Standard LaTeX ifthen package (DPC)
))
(/usr/local/texlive/2013/texmf-dist/tex/latex/makecell/makecell.sty
Package: makecell 2009/08/03 V0.1e Managing of Tab Column Heads and Cells
\rotheadsize=\dimen202
\c@nlinenum=\count160
\TeXr@lab=\toks39
)
(/usr/local/texlive/2013/texmf-dist/tex/latex/colortbl/colortbl.sty
Package: colortbl 2012/02/13 v1.0a Color table columns (DPC)
\everycr=\toks40
\minrowclearance=\skip72
)
\c@rowcount=\count161
Package csquotes Info: Checking for multilingual support...
Package csquotes Info: ... found 'babel' package.

(./Care_and_Feeding_Mt_SB.aux

LaTeX Warning: Label `azimuth_motor' multiply defined.

)
\openout1 = `Care_and_Feeding_Mt_SB.aux'.

LaTeX Font Info:    Checking defaults for OML/cmm/m/it on input line 67.
LaTeX Font Info:    ... okay on input line 67.
LaTeX Font Info:    Checking defaults for T1/cmr/m/n on input line 67.
LaTeX Font Info:    ... okay on input line 67.
LaTeX Font Info:    Checking defaults for OT1/cmr/m/n on input line 67.
LaTeX Font Info:    ... okay on input line 67.
LaTeX Font Info:    Checking defaults for OMS/cmsy/m/n on input line 67.
LaTeX Font Info:    ... okay on input line 67.
LaTeX Font Info:    Checking defaults for OMX/cmex/m/n on input line 67.
LaTeX Font Info:    ... okay on input line 67.
LaTeX Font Info:    Checking defaults for U/cmr/m/n on input line 67.
LaTeX Font Info:    ... okay on input line 67.
LaTeX Font Info:    Checking defaults for PD1/pdf/m/n on input line 67.
LaTeX Font Info:    ... okay on input line 67.
 (/usr/local/texlive/2013/texmf-dist/tex/context/base/supp-pdf.mkii
[Loading MPS to PDF converter (version 2006.09.02).]
\scratchcounter=\count162
\scratchdimen=\dimen203
\scratchbox=\box45
\nofMPsegments=\count163
\nofMParguments=\count164
\everyMPshowfont=\toks41
\MPscratchCnt=\count165
\MPscratchDim=\dimen204
\MPnumerator=\count166
\makeMPintoPDFobject=\count167
\everyMPtoPDFconversion=\toks42
) (/usr/local/texlive/2013/texmf-dist/tex/latex/oberdiek/epstopdf-base.sty
Package: epstopdf-base 2010/02/09 v2.5 Base part for package epstopdf

(/usr/local/texlive/2013/texmf-dist/tex/latex/oberdiek/grfext.sty
Package: grfext 2010/08/19 v1.1 Manage graphics extensions (HO)
)
Package grfext Info: Graphics extension search list:
(grfext)             [.png,.pdf,.jpg,.mps,.jpeg,.jbig2,.jb2,.PNG,.PDF,.JPG,.JPE
G,.JBIG2,.JB2,.eps]
(grfext)             \AppendGraphicsExtensions on input line 452.

(/usr/local/texlive/2013/texmf-dist/tex/latex/latexconfig/epstopdf-sys.cfg
File: epstopdf-sys.cfg 2010/07/13 v1.3 Configuration of (r)epstopdf for TeX Liv
e
))
Package caption Info: Begin \AtBeginDocument code.
Package caption Info: hyperref package is loaded.
Package caption Info: longtable package is loaded.

(/usr/local/texlive/2013/texmf-dist/tex/latex/caption/ltcaption.sty
Package: ltcaption 2013/02/03 v1.3-62 longtable captions (AR)
)
Package caption Info: End \AtBeginDocument code.

*geometry* driver: auto-detecting
*geometry* detected driver: pdftex
*geometry* verbose mode - [ preamble ] result:
* driver: pdftex
* paper: <default>
* layout: <same size as paper>
* layoutoffset:(h,v)=(0.0pt,0.0pt)
* modes: 
* h-part:(L,W,R)=(72.26999pt, 469.75502pt, 72.26999pt)
* v-part:(T,H,B)=(108.405pt, 614.295pt, 72.26999pt)
* \paperwidth=614.295pt
* \paperheight=794.96999pt
* \textwidth=469.75502pt
* \textheight=614.295pt
* \oddsidemargin=0.0pt
* \evensidemargin=0.0pt
* \topmargin=-0.86499pt
* \headheight=12.0pt
* \headsep=25.0pt
* \topskip=12.0pt
* \footskip=30.0pt
* \marginparwidth=44.0pt
* \marginparsep=10.0pt
* \columnsep=10.0pt
* \skip\footins=10.8pt plus 4.0pt minus 2.0pt
* \hoffset=0.0pt
* \voffset=0.0pt
* \mag=1000
* \@twocolumnfalse
* \@twosidefalse
* \@mparswitchfalse
* \@reversemarginfalse
* (1in=72.27pt=25.4mm, 1cm=28.453pt)

\AtBeginShipoutBox=\box46
Package hyperref Info: Link coloring OFF on input line 67.
(/usr/local/texlive/2013/texmf-dist/tex/latex/hyperref/nameref.sty
Package: nameref 2012/10/27 v2.43 Cross-referencing by name of section

(/usr/local/texlive/2013/texmf-dist/tex/generic/oberdiek/gettitlestring.sty
Package: gettitlestring 2010/12/03 v1.4 Cleanup title references (HO)
)
\c@section@level=\count168
)
LaTeX Info: Redefining \ref on input line 67.
LaTeX Info: Redefining \pageref on input line 67.
LaTeX Info: Redefining \nameref on input line 67.

(./Care_and_Feeding_Mt_SB.out) (./Care_and_Feeding_Mt_SB.out)
\@outlinefile=\write4
\openout4 = `Care_and_Feeding_Mt_SB.out'.


ABD: EveryShipout initializing macros
Package csquotes Info: Making character " active on input line 67.
LaTeX Font Info:    Try loading font information for U+msa on input line 73.

(/usr/local/texlive/2013/texmf-dist/tex/latex/amsfonts/umsa.fd
File: umsa.fd 2013/01/14 v3.01 AMS symbols A
)
LaTeX Font Info:    Try loading font information for U+msb on input line 73.

(/usr/local/texlive/2013/texmf-dist/tex/latex/amsfonts/umsb.fd
File: umsb.fd 2013/01/14 v3.01 AMS symbols B
)
<./images/cover/MtStonyBrookSunset_crop.jpg, id=79, 1721.43124pt x 1313.90875pt
>
File: ./images/cover/MtStonyBrookSunset_crop.jpg Graphic file (type jpg)
 <use ./images/cover/MtStonyBrookSunset_crop.jpg>
Package pdftex.def Info: ./images/cover/MtStonyBrookSunset_crop.jpg used on inp
ut line 95.
(pdftex.def)             Requested size: 469.75502pt x 358.5493pt.
 [1

{/usr/local/texlive/2013/texmf-var/fonts/map/pdftex/updmap/pdftex.map} <./image
s/cover/MtStonyBrookSunset_crop.jpg>] (./Care_and_Feeding_Mt_SB.toc)
\tf@toc=\write5
\openout5 = `Care_and_Feeding_Mt_SB.toc'.

pdfTeX warning (ext4): destination with the same identifier (name{page.1}) has 
been already used, duplicate ignored
<to be read again> 
                   \relax 
l.111 \clearpage
                 [1

]pdfTeX warning (ext4): destination with the same identifier (name{page.1}) has
 been already used, duplicate ignored
<to be read again> 
                   \relax 
l.127 \section{Meade LX200 14'' Telescope}
                                           [1


]
Overfull \hbox (0.68272pt too wide) in paragraph at lines 128--136
[]\OT1/cmr/m/n/12 Mt. Stony Brook's pri-mary tele-scope is a 14'' f/10 Meade LX
200GPS, Schmidt-Cassegrain
 []

<./images/lx200/intro/park_side.jpg, id=136, 3003.22pt x 4015.0pt>
File: ./images/lx200/intro/park_side.jpg Graphic file (type jpg)

<use ./images/lx200/intro/park_side.jpg>
Package pdftex.def Info: ./images/lx200/intro/park_side.jpg used on input line 
141.
(pdftex.def)             Requested size: 187.90271pt x 251.18195pt.

<./images/lx200/intro/polarhome_side.jpg, id=137, 2613.765pt x 3296.315pt>
File: ./images/lx200/intro/polarhome_side.jpg Graphic file (type jpg)

<use ./images/lx200/intro/polarhome_side.jpg>
Package pdftex.def Info: ./images/lx200/intro/polarhome_side.jpg used on input 
line 146.
(pdftex.def)             Requested size: 199.64731pt x 251.73975pt.
 [2

 <./images/lx200/intro/park_side.jpg> <./images/lx200/intro/polarhome_side.jpg>
] [3] [4] [5]
Overfull \hbox (6.7449pt too wide) in paragraph at lines 244--246
[]\OT1/cmr/bx/n/12 Issue: \OT1/cmr/m/n/12 The Au-tostar dis-plays \  TAK-ING GP
S FIX" and noth-ing hap-pens or dis-plays \  COULD
 []

LaTeX Font Info:    Try loading font information for OMS+cmr on input line 249.

(/usr/local/texlive/2013/texmf-dist/tex/latex/base/omscmr.fd
File: omscmr.fd 1999/05/25 v2.5h Standard LaTeX font definitions
)
LaTeX Font Info:    Font shape `OMS/cmr/m/n' in size <12> not available
(Font)              Font shape `OMS/cmsy/m/n' tried instead on input line 249.
 [6] [7]
<./images/MallinCam/overview/x2_back.png, id=211, 921.4425pt x 789.95125pt>
File: ./images/MallinCam/overview/x2_back.png Graphic file (type png)

<use ./images/MallinCam/overview/x2_back.png>
Package pdftex.def Info: ./images/MallinCam/overview/x2_back.png used on input 
line 309.
(pdftex.def)             Requested size: 281.85587pt x 241.62785pt.

Overfull \hbox (23.99998pt too wide) in alignment at lines 291--310
 [] [] 
 []

[8

]

Package hyperref Warning: Token not allowed in a PDF string (PDFDocEncoding):
(hyperref)                removing `\\' on input line 313.


<./images/MallinCam/astrofest_setup/equipment_numbered.jpg, id=220, 3817.26125p
t x 2769.34625pt>
File: ./images/MallinCam/astrofest_setup/equipment_numbered.jpg Graphic file (t
ype jpg)

<use ./images/MallinCam/astrofest_setup/equipment_numbered.jpg>
Package pdftex.def Info: ./images/MallinCam/astrofest_setup/equipment_numbered.
jpg used on input line 321.
(pdftex.def)             Requested size: 446.26582pt x 323.7291pt.
 [9 <./images/MallinCam/overview/x2_back.png>] [10 <./images/MallinCam/astrofes
t_setup/equipment_numbered.jpg>]
Underfull \hbox (badness 10000) in paragraph at lines 346--347

 []


Underfull \hbox (badness 10000) in paragraph at lines 349--350

 []


Underfull \hbox (badness 1237) in paragraph at lines 356--356
[]\OT1/cmr/m/n/12 2)| Re-fer to Ap-pendix []B[] to to de-ter-mine
 []


<./images/MallinCam/astrofest_setup/focal_reducer.jpg, id=256, 4047.12pt x 3035
.34pt>
File: ./images/MallinCam/astrofest_setup/focal_reducer.jpg Graphic file (type j
pg)
 <use ./images/MallinCam/astrofest_setup/focal_reducer.jpg>
Package pdftex.def Info: ./images/MallinCam/astrofest_setup/focal_reducer.jpg u
sed on input line 358.
(pdftex.def)             Requested size: 234.8775pt x 176.13783pt.

<./images/MallinCam/astrofest_setup/fankit.jpg, id=257, 2215.27625pt x 1995.455
pt>
File: ./images/MallinCam/astrofest_setup/fankit.jpg Graphic file (type jpg)
 <use ./images/MallinCam/astrofest_setup/fankit.jpg>
Package pdftex.def Info: ./images/MallinCam/astrofest_setup/fankit.jpg used on 
input line 362.
(pdftex.def)             Requested size: 234.8775pt x 211.55376pt.

<./images/MallinCam/astrofest_setup/power_on.jpg, id=258, 4047.12pt x 1906.1212
5pt>
File: ./images/MallinCam/astrofest_setup/power_on.jpg Graphic file (type jpg)
 <use ./images/MallinCam/astrofest_setup/power_on.jpg>
Package pdftex.def Info: ./images/MallinCam/astrofest_setup/power_on.jpg used o
n input line 366.
(pdftex.def)             Requested size: 234.8775pt x 110.61037pt.

<./images/MallinCam/astrofest_setup/rs232-usb.jpg, id=259, 3588.40625pt x 2147.
02126pt>
File: ./images/MallinCam/astrofest_setup/rs232-usb.jpg Graphic file (type jpg)
 <use ./images/MallinCam/astrofest_setup/rs232-usb.jpg>
Package pdftex.def Info: ./images/MallinCam/astrofest_setup/rs232-usb.jpg used 
on input line 371.
(pdftex.def)             Requested size: 234.8775pt x 140.51134pt.

<./images/MallinCam/astrofest_setup/computer_connect.jpg, id=261, 4047.12pt x 2
441.12pt>
File: ./images/MallinCam/astrofest_setup/computer_connect.jpg Graphic file (typ
e jpg)
 <use ./images/MallinCam/astrofest_setup/computer_connect.jpg>
Package pdftex.def Info: ./images/MallinCam/astrofest_setup/computer_connect.jp
g used on input line 377.
(pdftex.def)             Requested size: 234.8775pt x 141.65582pt.

<./images/MallinCam/astrofest_setup/frame_grabber.jpg, id=262, 4047.12pt x 3035
.34pt>
File: ./images/MallinCam/astrofest_setup/frame_grabber.jpg Graphic file (type j
pg)
 <use ./images/MallinCam/astrofest_setup/frame_grabber.jpg>
Package pdftex.def Info: ./images/MallinCam/astrofest_setup/frame_grabber.jpg u
sed on input line 381.
(pdftex.def)             Requested size: 234.8775pt x 176.13783pt.

<./images/MallinCam/astrofest_setup/frame_grabber_connect.jpg, id=263, 4047.12p
t x 2161.07375pt>
File: ./images/MallinCam/astrofest_setup/frame_grabber_connect.jpg Graphic file
 (type jpg)

<use ./images/MallinCam/astrofest_setup/frame_grabber_connect.jpg>
Package pdftex.def Info: ./images/MallinCam/astrofest_setup/frame_grabber_conne
ct.jpg used on input line 385.
(pdftex.def)             Requested size: 234.8775pt x 125.40501pt.

Overfull \hbox (23.99998pt too wide) in alignment at lines 352--386
 [] [] 
 []

[11 <./images/MallinCam/astrofest_setup/focal_reducer.jpg>] [12 <./images/Malli
nCam/astrofest_setup/fankit.jpg> <./images/MallinCam/astrofest_setup/power_on.j
pg> <./images/MallinCam/astrofest_setup/rs232-usb.jpg>]
Overfull \hbox (12.0pt too wide) in alignment at lines 387--391
 [] 
 []

[13 <./images/MallinCam/astrofest_setup/computer_connect.jpg> <./images/MallinC
am/astrofest_setup/frame_grabber.jpg> <./images/MallinCam/astrofest_setup/frame
_grabber_connect.jpg>]
<./images/MallinCam/astrofest_setup/converter_box.jpg, id=292, 4015.0pt x 3003.
22pt>
File: ./images/MallinCam/astrofest_setup/converter_box.jpg Graphic file (type j
pg)
 <use ./images/MallinCam/astrofest_setup/converter_box.jpg>
Package pdftex.def Info: ./images/MallinCam/astrofest_setup/converter_box.jpg u
sed on input line 396.
(pdftex.def)             Requested size: 234.8775pt x 175.64871pt.

Overfull \hbox (23.99998pt too wide) in alignment at lines 392--398
 [] [] 
 []


Overfull \hbox (12.0pt too wide) in alignment at lines 399--401
 [] 
 []


<./images/MallinCam/astrofest_setup/mount_camera.jpg, id=293, 4015.0pt x 3003.2
2pt>
File: ./images/MallinCam/astrofest_setup/mount_camera.jpg Graphic file (type jp
g)
 <use ./images/MallinCam/astrofest_setup/mount_camera.jpg>
Package pdftex.def Info: ./images/MallinCam/astrofest_setup/mount_camera.jpg us
ed on input line 406.
(pdftex.def)             Requested size: 234.8775pt x 175.64871pt.

<./images/MallinCam/astrofest_setup/svideo12.jpg, id=294, 1361.085pt x 1822.81p
t>
File: ./images/MallinCam/astrofest_setup/svideo12.jpg Graphic file (type jpg)
 <use ./images/MallinCam/astrofest_setup/svideo12.jpg>
Package pdftex.def Info: ./images/MallinCam/astrofest_setup/svideo12.jpg used o
n input line 412.
(pdftex.def)             Requested size: 234.8775pt x 314.54633pt.

<./images/MallinCam/astrofest_setup/HDMI_monitor.jpg, id=295, 1692.3225pt x 859
.21pt>
File: ./images/MallinCam/astrofest_setup/HDMI_monitor.jpg Graphic file (type jp
g)
 <use ./images/MallinCam/astrofest_setup/HDMI_monitor.jpg>
Package pdftex.def Info: ./images/MallinCam/astrofest_setup/HDMI_monitor.jpg us
ed on input line 416.
(pdftex.def)             Requested size: 234.8775pt x 119.23973pt.

Overfull \hbox (23.99998pt too wide) in alignment at lines 402--418
 [] [] 
 []

[14 <./images/MallinCam/astrofest_setup/converter_box.jpg> <./images/MallinCam/
astrofest_setup/mount_camera.jpg>]
Overfull \hbox (12.0pt too wide) in alignment at lines 419--431
 [] 
 []

[15 <./images/MallinCam/astrofest_setup/svideo12.jpg> <./images/MallinCam/astro
fest_setup/HDMI_monitor.jpg>]
Overfull \hbox (12.0pt too wide) in alignment at lines 433--445
 [] 
 []

<./images/MallinCam/dust/mercury_transit.jpg, id=311, 642.4pt x 481.8pt>
File: ./images/MallinCam/dust/mercury_transit.jpg Graphic file (type jpg)

<use ./images/MallinCam/dust/mercury_transit.jpg>
Package pdftex.def Info: ./images/MallinCam/dust/mercury_transit.jpg used on in
put line 454.
(pdftex.def)             Requested size: 446.26582pt x 334.70667pt.
 [16] [17 <./images/MallinCam/dust/mercury_transit.jpg>]
Underfull \hbox (badness 10000) in paragraph at lines 473--474

 []

<./images/MallinCam/dew/silica_gel_can.jpg, id=326, 1581.91pt x 1524.69624pt>
File: ./images/MallinCam/dew/silica_gel_can.jpg Graphic file (type jpg)

<use ./images/MallinCam/dew/silica_gel_can.jpg>
Package pdftex.def Info: ./images/MallinCam/dew/silica_gel_can.jpg used on inpu
t line 515.
(pdftex.def)             Requested size: 117.43875pt x 113.18404pt.
 [18]
<./images/mallincam/dew/silica_sat.jpg, id=342, 2499.3375pt x 2531.4575pt>
File: ./images/mallincam/dew/silica_sat.jpg Graphic file (type jpg)

<use ./images/mallincam/dew/silica_sat.jpg>
Package pdftex.def Info: ./images/mallincam/dew/silica_sat.jpg used on input li
ne 524.
(pdftex.def)             Requested size: 117.43875pt x 118.93216pt.

<./images/mallincam/dew/silica_desat.jpg, id=343, 1592.95125pt x 1615.03375pt>
File: ./images/mallincam/dew/silica_desat.jpg Graphic file (type jpg)

<use ./images/mallincam/dew/silica_desat.jpg>
Package pdftex.def Info: ./images/mallincam/dew/silica_desat.jpg used on input 
line 526.
(pdftex.def)             Requested size: 117.43875pt x 119.05226pt.

Overfull \hbox (0.76979pt too wide) in alignment at lines 519--527
 [] [] [] 
 []


<./images/mallincam/dew/unscrewed_in_bag.jpg, id=344, 3945.74126pt x 2980.13374
pt>
File: ./images/mallincam/dew/unscrewed_in_bag.jpg Graphic file (type jpg)
 <use ./images/mallincam/dew/unscrewed_in_bag.jpg>
Package pdftex.def Info: ./images/mallincam/dew/unscrewed_in_bag.jpg used on in
put line 535.
(pdftex.def)             Requested size: 211.38832pt x 159.65613pt.

<./images/mallincam/dew/screwed_in_bag.jpg, id=345, 3969.83125pt x 2998.20125pt
>
File: ./images/mallincam/dew/screwed_in_bag.jpg Graphic file (type jpg)
 <use ./images/mallincam/dew/screwed_in_bag.jpg>
Package pdftex.def Info: ./images/mallincam/dew/screwed_in_bag.jpg used on inpu
t line 539.
(pdftex.def)             Requested size: 211.38832pt x 159.61758pt.

<./images/mallincam/dew/mfr5_assembled.jpg, id=346, 3199.955pt x 1343.0175pt>
File: ./images/mallincam/dew/mfr5_assembled.jpg Graphic file (type jpg)

<use ./images/mallincam/dew/mfr5_assembled.jpg>
Package pdftex.def Info: ./images/mallincam/dew/mfr5_assembled.jpg used on inpu
t line 544.
(pdftex.def)             Requested size: 211.38832pt x 88.7132pt.

Overfull \hbox (0.5108pt too wide) in alignment at lines 528--545
 [] [] 
 []

[19 <./images/MallinCam/dew/silica_gel_can.jpg> <./images/mallincam/dew/silica_
sat.jpg> <./images/mallincam/dew/silica_desat.jpg> <./images/mallincam/dew/unsc
rewed_in_bag.jpg>] [20 <./images/mallincam/dew/screwed_in_bag.jpg> <./images/ma
llincam/dew/mfr5_assembled.jpg>] [21]
<./images/dome/shutter_ctrl_panel.png, id=370, 382.42876pt x 703.62875pt>
File: ./images/dome/shutter_ctrl_panel.png Graphic file (type png)

<use ./images/dome/shutter_ctrl_panel.png>
Package pdftex.def Info: ./images/dome/shutter_ctrl_panel.png used on input lin
e 637.
(pdftex.def)             Requested size: 150.31987pt x 276.57214pt.

<./images/dome/azimuth_ctrl_panel.png, id=371, 382.42876pt x 703.62875pt>
File: ./images/dome/azimuth_ctrl_panel.png Graphic file (type png)

<use ./images/dome/azimuth_ctrl_panel.png>
Package pdftex.def Info: ./images/dome/azimuth_ctrl_panel.png used on input lin
e 642.
(pdftex.def)             Requested size: 150.31987pt x 276.57214pt.
 [22

]
<./images/dome/dome_remote.jpg, id=376, 1320.935pt x 2832.5825pt>
File: ./images/dome/dome_remote.jpg Graphic file (type jpg)

<use ./images/dome/dome_remote.jpg>
Package pdftex.def Info: ./images/dome/dome_remote.jpg used on input line 663.
(pdftex.def)             Requested size: 117.43875pt x 251.80946pt.
 [23 <./images/dome/shutter_ctrl_panel.png> <./images/dome/azimuth_ctrl_panel.p
ng>] [24 <./images/dome/dome_remote.jpg>]
<./images/dome/azimuth_skirt_crop.png, id=402, 520.8258pt x 145.7445pt>
File: ./images/dome/azimuth_skirt_crop.png Graphic file (type png)

<use ./images/dome/azimuth_skirt_crop.png>
Package pdftex.def Info: ./images/dome/azimuth_skirt_crop.png used on input lin
e 691.
(pdftex.def)             Requested size: 375.80544pt x 105.16501pt.

Overfull \hbox (12.0pt too wide) in alignment at lines 685--692
 [] 
 []

<./images/dome/roller_crop.png, id=403, 257.5221pt x 145.2627pt>
File: ./images/dome/roller_crop.png Graphic file (type png)

<use ./images/dome/roller_crop.png>
Package pdftex.def Info: ./images/dome/roller_crop.png used on input line 699.
(pdftex.def)             Requested size: 187.89914pt x 105.99211pt.

Overfull \hbox (12.0pt too wide) in alignment at lines 702--706
 [] [] 
 []

Missing character: There is no â in font cmr12!
Missing character: There is no € in font cmr12!
Missing character: There is no ˜ in font cmr12!
Missing character: There is no â in font cmr12!
Missing character: There is no € in font cmr12!
Missing character: There is no ™ in font cmr12!
<./images/dome/azimuth_motor_wide.png, id=404, 1284.8pt x 803.0pt>
File: ./images/dome/azimuth_motor_wide.png Graphic file (type png)

<use ./images/dome/azimuth_motor_wide.png>
Package pdftex.def Info: ./images/dome/azimuth_motor_wide.png used on input lin
e 718.
(pdftex.def)             Requested size: 375.80544pt x 234.87349pt.
 [25 <./images/dome/azimuth_skirt_crop.png> <./images/dome/roller_crop.png>]
Overfull \hbox (12.0pt too wide) in alignment at lines 728--730
 [] 
 []

<./images/dome/spring_arm.png, id=416, 496.85625pt x 751.80875pt>
File: ./images/dome/spring_arm.png Graphic file (type png)

<use ./images/dome/spring_arm.png>
Package pdftex.def Info: ./images/dome/spring_arm.png used on input line 738.
(pdftex.def)             Requested size: 93.94957pt x 142.15685pt.

Overfull \hbox (0.5108pt too wide) in alignment at lines 732--739
 [] [] 
 []


Overfull \hbox (12.0pt too wide) in alignment at lines 741--745
 [] 
 []

<./images/dome/upper_shutter_gearbox.jpg, id=417, 3035.34pt x 4047.12pt>
File: ./images/dome/upper_shutter_gearbox.jpg Graphic file (type jpg)

<use ./images/dome/upper_shutter_gearbox.jpg>
Package pdftex.def Info: ./images/dome/upper_shutter_gearbox.jpg used on input 
line 750.
(pdftex.def)             Requested size: 93.94957pt x 125.2371pt.

Overfull \hbox (0.5108pt too wide) in alignment at lines 746--751
 [] [] 
 []

[26 <./images/dome/azimuth_motor_wide.png> <./images/dome/spring_arm.png>]
Overfull \hbox (12.0pt too wide) in alignment at lines 752--755
 [] 
 []

[27 <./images/dome/upper_shutter_gearbox.jpg>] [28

] [29

] [30

]
<./images/mallincam/focal_reduction/MFR5_labeled.jpg, id=449, 4047.12pt x 1393.
205pt>
File: ./images/mallincam/focal_reduction/MFR5_labeled.jpg Graphic file (type jp
g)
 <use ./images/mallincam/focal_reduction/MFR5_labeled.jpg>
Package pdftex.def Info: ./images/mallincam/focal_reduction/MFR5_labeled.jpg us
ed on input line 800.
(pdftex.def)             Requested size: 375.80544pt x 129.35838pt.

<./images/mallincam/focal_reduction/B_adapter.jpg, id=450, 4047.12pt x 1913.147
5pt>
File: ./images/mallincam/focal_reduction/B_adapter.jpg Graphic file (type jpg)
 <use ./images/mallincam/focal_reduction/B_adapter.jpg>
Package pdftex.def Info: ./images/mallincam/focal_reduction/B_adapter.jpg used 
on input line 814.
(pdftex.def)             Requested size: 281.85587pt x 133.23338pt.


Package caption Warning: The option `hypcap=true' will be ignored for this
(caption)                particular \caption on input line 864.
See the caption package documentation for explanation.

[31

 <./images/mallincam/focal_reduction/MFR5_labeled.jpg> <./images/mallincam/foca
l_reduction/B_adapter.jpg>]pdfTeX warning (ext4): destination with the same ide
ntifier (name{table.1}) has been already used, duplicate ignored
<to be read again> 
                   \relax 
l.864 ...pectively, especially on smaller scopes.}
                                                   [32]
<./images/dome/lower_shutter_schematic.png, id=463, 614.295pt x 756.426pt>
File: ./images/dome/lower_shutter_schematic.png Graphic file (type png)

<use ./images/dome/lower_shutter_schematic.png>
Package pdftex.def Info: ./images/dome/lower_shutter_schematic.png used on inpu
t line 875.
(pdftex.def)             Requested size: 399.288pt x 491.67107pt.
 [33

 <./images/dome/lower_shutter_schematic.png>] (./Care_and_Feeding_Mt_SB.bbl
Missing character: There is no â in font cmr12!
Missing character: There is no € in font cmr12!
Missing character: There is no ™ in font cmr12!

Underfull \hbox (badness 1997) in paragraph at lines 18--23
[] \OT1/cmr/m/n/12 MallinCam Con-trol Users Guide.  Ver-sion 2.0.  Chico, CA: M
iloslick Sci-
 []

) [34

]
Package atveryend Info: Empty hook `BeforeClearDocument' on input line 895.
Package atveryend Info: Empty hook `AfterLastShipout' on input line 895.
 (./Care_and_Feeding_Mt_SB.aux)
Package atveryend Info: Executing hook `AtVeryEndDocument' on input line 895.
Package atveryend Info: Executing hook `AtEndAfterFileList' on input line 895.
Package rerunfilecheck Info: File `Care_and_Feeding_Mt_SB.out' has not changed.

(rerunfilecheck)             Checksum: 457A5AEE332D38F6A372E6FE976C281F;1219.


LaTeX Warning: There were multiply-defined labels.

Package atveryend Info: Empty hook `AtVeryVeryEnd' on input line 895.
 ) 
Here is how much of TeX's memory you used:
 19539 strings out of 493315
 337398 string characters out of 6137904
 439299 words of memory out of 5000000
 22379 multiletter control sequences out of 15000+600000
 15135 words of font info for 58 fonts, out of 8000000 for 9000
 957 hyphenation exceptions out of 8191
 56i,15n,60p,945b,865s stack positions out of 5000i,500n,10000p,200000b,80000s
</usr/local/texlive/2013/texmf-dist/fonts/type1/public/amsfonts/cm/cmbx10.pfb
></usr/local/texlive/2013/texmf-dist/fonts/type1/public/amsfonts/cm/cmbx12.pfb>
</usr/local/texlive/2013/texmf-dist/fonts/type1/public/amsfonts/cm/cmmi12.pfb><
/usr/local/texlive/2013/texmf-dist/fonts/type1/public/amsfonts/cm/cmr10.pfb></u
sr/local/texlive/2013/texmf-dist/fonts/type1/public/amsfonts/cm/cmr12.pfb></usr
/local/texlive/2013/texmf-dist/fonts/type1/public/amsfonts/cm/cmr7.pfb></usr/lo
cal/texlive/2013/texmf-dist/fonts/type1/public/amsfonts/cm/cmr8.pfb></usr/local
/texlive/2013/texmf-dist/fonts/type1/public/amsfonts/cm/cmsy10.pfb></usr/local/
texlive/2013/texmf-dist/fonts/type1/public/amsfonts/cm/cmsy7.pfb></usr/local/te
xlive/2013/texmf-dist/fonts/type1/public/amsfonts/cm/cmsy8.pfb></usr/local/texl
ive/2013/texmf-dist/fonts/type1/public/amsfonts/cm/cmti12.pfb></usr/local/texli
ve/2013/texmf-dist/fonts/type1/public/amsfonts/cm/cmtt12.pfb>
Output written on Care_and_Feeding_Mt_SB.pdf (36 pages, 37277857 bytes).
PDF statistics:
 563 PDF objects out of 1000 (max. 8388607)
 466 compressed objects within 5 object streams
 188 named destinations out of 1000 (max. 500000)
 327 words of extra memory for PDF output out of 10000 (max. 10000000)

