\BOOKMARK [1][-]{section.1}{Introduction}{}% 1
\BOOKMARK [1][-]{section.2}{Meade LX200 14'' Telescope}{}% 2
\BOOKMARK [2][-]{subsection.2.1}{Quick Setup Guide \(Eyepiece Observing\)}{section.2}% 3
\BOOKMARK [2][-]{subsection.2.2}{Autostar II Hand Controller}{section.2}% 4
\BOOKMARK [1][-]{section.3}{SBIG STL-1001E CCD Camera}{}% 5
\BOOKMARK [2][-]{subsection.3.1}{Quick Setup Guide \(CCD + LX200\)}{section.3}% 6
\BOOKMARK [2][-]{subsection.3.2}{Changing the Filter Wheel}{section.3}% 7
\BOOKMARK [1][-]{section.4}{MallinCam Xtreme II}{}% 8
\BOOKMARK [2][-]{subsection.4.1}{Astrofest Setup \(MallinCam with Miloslick Control + Meade LX-200 + TV\)}{section.4}% 9
\BOOKMARK [2][-]{subsection.4.2}{Streaming with YouTube Live and OBS}{section.4}% 10
\BOOKMARK [2][-]{subsection.4.3}{Maintenance}{section.4}% 11
\BOOKMARK [2][-]{subsection.4.4}{MallinCam Troubleshooting}{section.4}% 12
\BOOKMARK [1][-]{section.5}{Rainbow Optics Star Spectroscope}{}% 13
\BOOKMARK [2][-]{subsection.5.1}{Eyepiece Observing}{section.5}% 14
\BOOKMARK [2][-]{subsection.5.2}{Spectroscope + MallinCam Setup}{section.5}% 15
\BOOKMARK [1][-]{section.6}{Ash Dome}{}% 16
\BOOKMARK [2][-]{subsection.6.1}{Operation}{section.6}% 17
\BOOKMARK [2][-]{subsection.6.2}{Maintenance}{section.6}% 18
\BOOKMARK [2][-]{subsection.6.3}{Dome Troubleshooting}{section.6}% 19
\BOOKMARK [1][-]{appendix.A}{Response Curves for SBIG Filters}{}% 20
\BOOKMARK [1][-]{appendix.B}{MallinCam Focal Reduction}{}% 21
\BOOKMARK [1][-]{appendix.C}{Ash Dome Lower Shutter}{}% 22
